{
  "C:\\Users\\Асель\\OneDrive\\Desktop\\RSS-REACT-2024\\class-components-2024\\src\\main.tsx": {
    "path": "C:\\Users\\Асель\\OneDrive\\Desktop\\RSS-REACT-2024\\class-components-2024\\src\\main.tsx",
    "all": true,
    "statementMap": {
      "0": {
        "start": { "line": 1, "column": 0 },
        "end": { "line": 1, "column": 26 }
      },
      "1": {
        "start": { "line": 2, "column": 0 },
        "end": { "line": 2, "column": 40 }
      },
      "2": {
        "start": { "line": 3, "column": 0 },
        "end": { "line": 3, "column": 28 }
      },
      "3": {
        "start": { "line": 4, "column": 0 },
        "end": { "line": 4, "column": 59 }
      },
      "4": {
        "start": { "line": 5, "column": 0 },
        "end": { "line": 5, "column": 0 }
      },
      "5": {
        "start": { "line": 6, "column": 0 },
        "end": { "line": 6, "column": 61 }
      },
      "6": {
        "start": { "line": 7, "column": 0 },
        "end": { "line": 7, "column": 20 }
      },
      "7": {
        "start": { "line": 8, "column": 0 },
        "end": { "line": 8, "column": 19 }
      },
      "8": {
        "start": { "line": 9, "column": 0 },
        "end": { "line": 9, "column": 13 }
      },
      "9": {
        "start": { "line": 10, "column": 0 },
        "end": { "line": 10, "column": 20 }
      },
      "10": {
        "start": { "line": 11, "column": 0 },
        "end": { "line": 11, "column": 22 }
      },
      "11": {
        "start": { "line": 12, "column": 0 },
        "end": { "line": 12, "column": 2 }
      }
    },
    "s": {
      "0": 0,
      "1": 0,
      "2": 0,
      "3": 0,
      "4": 0,
      "5": 0,
      "6": 0,
      "7": 0,
      "8": 0,
      "9": 0,
      "10": 0,
      "11": 0
    },
    "branchMap": {
      "0": {
        "type": "branch",
        "line": 1,
        "loc": {
          "start": { "line": 1, "column": 332 },
          "end": { "line": 12, "column": 2 }
        },
        "locations": [
          {
            "start": { "line": 1, "column": 332 },
            "end": { "line": 12, "column": 2 }
          }
        ]
      }
    },
    "b": { "0": [0] },
    "fnMap": {
      "0": {
        "name": "(empty-report)",
        "decl": {
          "start": { "line": 1, "column": 332 },
          "end": { "line": 12, "column": 2 }
        },
        "loc": {
          "start": { "line": 1, "column": 332 },
          "end": { "line": 12, "column": 2 }
        },
        "line": 1
      }
    },
    "f": { "0": 0 }
  },
  "C:\\Users\\Асель\\OneDrive\\Desktop\\RSS-REACT-2024\\class-components-2024\\src\\app\\App.tsx": {
    "path": "C:\\Users\\Асель\\OneDrive\\Desktop\\RSS-REACT-2024\\class-components-2024\\src\\app\\App.tsx",
    "all": false,
    "statementMap": {
      "0": {
        "start": { "line": 1, "column": 0 },
        "end": { "line": 1, "column": 26 }
      },
      "1": {
        "start": { "line": 2, "column": 0 },
        "end": { "line": 2, "column": 74 }
      },
      "2": {
        "start": { "line": 3, "column": 0 },
        "end": { "line": 3, "column": 33 }
      },
      "3": {
        "start": { "line": 4, "column": 0 },
        "end": { "line": 4, "column": 37 }
      },
      "4": {
        "start": { "line": 5, "column": 0 },
        "end": { "line": 5, "column": 31 }
      },
      "5": {
        "start": { "line": 6, "column": 0 },
        "end": { "line": 6, "column": 0 }
      },
      "6": {
        "start": { "line": 7, "column": 0 },
        "end": { "line": 7, "column": 29 }
      },
      "7": {
        "start": { "line": 8, "column": 0 },
        "end": { "line": 8, "column": 10 }
      },
      "8": {
        "start": { "line": 9, "column": 0 },
        "end": { "line": 9, "column": 12 }
      },
      "9": {
        "start": { "line": 10, "column": 0 },
        "end": { "line": 10, "column": 38 }
      },
      "10": {
        "start": { "line": 11, "column": 0 },
        "end": { "line": 11, "column": 16 }
      },
      "11": {
        "start": { "line": 12, "column": 0 },
        "end": { "line": 12, "column": 47 }
      },
      "12": {
        "start": { "line": 13, "column": 0 },
        "end": { "line": 13, "column": 50 }
      },
      "13": {
        "start": { "line": 14, "column": 0 },
        "end": { "line": 14, "column": 17 }
      },
      "14": {
        "start": { "line": 15, "column": 0 },
        "end": { "line": 15, "column": 13 }
      },
      "15": {
        "start": { "line": 16, "column": 0 },
        "end": { "line": 16, "column": 13 }
      },
      "16": {
        "start": { "line": 17, "column": 0 },
        "end": { "line": 17, "column": 4 }
      },
      "17": {
        "start": { "line": 18, "column": 0 },
        "end": { "line": 18, "column": 2 }
      },
      "18": {
        "start": { "line": 19, "column": 0 },
        "end": { "line": 19, "column": 0 }
      },
      "19": {
        "start": { "line": 20, "column": 0 },
        "end": { "line": 20, "column": 19 }
      }
    },
    "s": {
      "0": 1,
      "1": 1,
      "2": 1,
      "3": 1,
      "4": 1,
      "5": 1,
      "6": 1,
      "7": 1,
      "8": 1,
      "9": 1,
      "10": 1,
      "11": 1,
      "12": 1,
      "13": 1,
      "14": 1,
      "15": 1,
      "16": 1,
      "17": 1,
      "18": 1,
      "19": 1
    },
    "branchMap": {
      "0": {
        "type": "branch",
        "line": 7,
        "loc": {
          "start": { "line": 7, "column": 22 },
          "end": { "line": 18, "column": 2 }
        },
        "locations": [
          {
            "start": { "line": 7, "column": 22 },
            "end": { "line": 18, "column": 2 }
          }
        ]
      }
    },
    "b": { "0": [1] },
    "fnMap": {
      "0": {
        "name": "App",
        "decl": {
          "start": { "line": 7, "column": 22 },
          "end": { "line": 18, "column": 2 }
        },
        "loc": {
          "start": { "line": 7, "column": 22 },
          "end": { "line": 18, "column": 2 }
        },
        "line": 7
      }
    },
    "f": { "0": 1 }
  },
  "C:\\Users\\Асель\\OneDrive\\Desktop\\RSS-REACT-2024\\class-components-2024\\src\\app\\api\\api.ts": {
    "path": "C:\\Users\\Асель\\OneDrive\\Desktop\\RSS-REACT-2024\\class-components-2024\\src\\app\\api\\api.ts",
    "all": false,
    "statementMap": {
      "0": {
        "start": { "line": 1, "column": 0 },
        "end": { "line": 1, "column": 45 }
      },
      "1": {
        "start": { "line": 2, "column": 0 },
        "end": { "line": 2, "column": 0 }
      },
      "2": {
        "start": { "line": 3, "column": 0 },
        "end": { "line": 3, "column": 41 }
      },
      "3": {
        "start": { "line": 4, "column": 0 },
        "end": { "line": 4, "column": 0 }
      },
      "4": {
        "start": { "line": 5, "column": 0 },
        "end": { "line": 5, "column": 45 }
      },
      "5": {
        "start": { "line": 6, "column": 0 },
        "end": { "line": 6, "column": 10 }
      },
      "6": {
        "start": { "line": 7, "column": 0 },
        "end": { "line": 7, "column": 31 }
      },
      "7": {
        "start": { "line": 8, "column": 0 },
        "end": { "line": 8, "column": 39 }
      },
      "8": {
        "start": { "line": 9, "column": 0 },
        "end": { "line": 9, "column": 15 }
      },
      "9": {
        "start": { "line": 10, "column": 0 },
        "end": { "line": 10, "column": 4 }
      },
      "10": {
        "start": { "line": 11, "column": 0 },
        "end": { "line": 11, "column": 2 }
      },
      "11": {
        "start": { "line": 12, "column": 0 },
        "end": { "line": 12, "column": 0 }
      },
      "12": {
        "start": { "line": 13, "column": 0 },
        "end": { "line": 13, "column": 24 }
      },
      "13": {
        "start": { "line": 14, "column": 0 },
        "end": { "line": 14, "column": 19 }
      },
      "14": {
        "start": { "line": 15, "column": 0 },
        "end": { "line": 15, "column": 22 }
      },
      "15": {
        "start": { "line": 16, "column": 0 },
        "end": { "line": 16, "column": 23 }
      },
      "16": {
        "start": { "line": 17, "column": 0 },
        "end": { "line": 17, "column": 3 }
      },
      "17": {
        "start": { "line": 18, "column": 0 },
        "end": { "line": 18, "column": 47 }
      },
      "18": {
        "start": { "line": 19, "column": 0 },
        "end": { "line": 19, "column": 50 }
      },
      "19": {
        "start": { "line": 20, "column": 0 },
        "end": { "line": 20, "column": 51 }
      },
      "20": {
        "start": { "line": 21, "column": 0 },
        "end": { "line": 21, "column": 4 }
      },
      "21": {
        "start": { "line": 22, "column": 0 },
        "end": { "line": 22, "column": 0 }
      },
      "22": {
        "start": { "line": 23, "column": 0 },
        "end": { "line": 23, "column": 48 }
      },
      "23": {
        "start": { "line": 24, "column": 0 },
        "end": { "line": 24, "column": 18 }
      },
      "24": {
        "start": { "line": 25, "column": 0 },
        "end": { "line": 25, "column": 37 }
      },
      "25": {
        "start": { "line": 26, "column": 0 },
        "end": { "line": 26, "column": 5 }
      },
      "26": {
        "start": { "line": 27, "column": 0 },
        "end": { "line": 27, "column": 0 }
      },
      "27": {
        "start": { "line": 28, "column": 0 },
        "end": { "line": 28, "column": 25 }
      },
      "28": {
        "start": { "line": 29, "column": 0 },
        "end": { "line": 29, "column": 1 }
      },
      "29": {
        "start": { "line": 30, "column": 0 },
        "end": { "line": 30, "column": 0 }
      },
      "30": {
        "start": { "line": 31, "column": 0 },
        "end": { "line": 31, "column": 46 }
      },
      "31": {
        "start": { "line": 32, "column": 0 },
        "end": { "line": 32, "column": 30 }
      },
      "32": {
        "start": { "line": 33, "column": 0 },
        "end": { "line": 33, "column": 41 }
      },
      "33": {
        "start": { "line": 34, "column": 0 },
        "end": { "line": 34, "column": 0 }
      },
      "34": {
        "start": { "line": 35, "column": 0 },
        "end": { "line": 35, "column": 20 }
      },
      "35": {
        "start": { "line": 36, "column": 0 },
        "end": { "line": 36, "column": 67 }
      },
      "36": {
        "start": { "line": 37, "column": 0 },
        "end": { "line": 37, "column": 47 }
      },
      "37": {
        "start": { "line": 38, "column": 0 },
        "end": { "line": 38, "column": 29 }
      },
      "38": {
        "start": { "line": 39, "column": 0 },
        "end": { "line": 39, "column": 3 }
      },
      "39": {
        "start": { "line": 40, "column": 0 },
        "end": { "line": 40, "column": 0 }
      },
      "40": {
        "start": { "line": 41, "column": 0 },
        "end": { "line": 41, "column": 17 }
      },
      "41": {
        "start": { "line": 42, "column": 0 },
        "end": { "line": 42, "column": 1 }
      },
      "42": {
        "start": { "line": 43, "column": 0 },
        "end": { "line": 43, "column": 0 }
      },
      "43": {
        "start": { "line": 44, "column": 0 },
        "end": { "line": 44, "column": 48 }
      },
      "44": {
        "start": { "line": 45, "column": 0 },
        "end": { "line": 45, "column": 45 }
      },
      "45": {
        "start": { "line": 46, "column": 0 },
        "end": { "line": 46, "column": 34 }
      },
      "46": {
        "start": { "line": 47, "column": 0 },
        "end": { "line": 47, "column": 20 }
      },
      "47": {
        "start": { "line": 48, "column": 0 },
        "end": { "line": 48, "column": 44 }
      },
      "48": {
        "start": { "line": 49, "column": 0 },
        "end": { "line": 49, "column": 18 }
      },
      "49": {
        "start": { "line": 50, "column": 0 },
        "end": { "line": 50, "column": 1 }
      },
      "50": {
        "start": { "line": 51, "column": 0 },
        "end": { "line": 51, "column": 0 }
      },
      "51": {
        "start": { "line": 52, "column": 0 },
        "end": { "line": 52, "column": 20 }
      },
      "52": {
        "start": { "line": 53, "column": 0 },
        "end": { "line": 53, "column": 38 }
      },
      "53": {
        "start": { "line": 54, "column": 0 },
        "end": { "line": 54, "column": 57 }
      },
      "54": {
        "start": { "line": 55, "column": 0 },
        "end": { "line": 55, "column": 20 }
      },
      "55": {
        "start": { "line": 56, "column": 0 },
        "end": { "line": 56, "column": 4 }
      },
      "56": {
        "start": { "line": 57, "column": 0 },
        "end": { "line": 57, "column": 0 }
      },
      "57": {
        "start": { "line": 58, "column": 0 },
        "end": { "line": 58, "column": 43 }
      },
      "58": {
        "start": { "line": 59, "column": 0 },
        "end": { "line": 59, "column": 51 }
      },
      "59": {
        "start": { "line": 60, "column": 0 },
        "end": { "line": 60, "column": 20 }
      },
      "60": {
        "start": { "line": 61, "column": 0 },
        "end": { "line": 61, "column": 4 }
      },
      "61": {
        "start": { "line": 62, "column": 0 },
        "end": { "line": 62, "column": 0 }
      },
      "62": {
        "start": { "line": 63, "column": 0 },
        "end": { "line": 63, "column": 40 }
      },
      "63": {
        "start": { "line": 64, "column": 0 },
        "end": { "line": 64, "column": 48 }
      },
      "64": {
        "start": { "line": 65, "column": 0 },
        "end": { "line": 65, "column": 39 }
      },
      "65": {
        "start": { "line": 66, "column": 0 },
        "end": { "line": 66, "column": 56 }
      },
      "66": {
        "start": { "line": 67, "column": 0 },
        "end": { "line": 67, "column": 6 }
      },
      "67": {
        "start": { "line": 68, "column": 0 },
        "end": { "line": 68, "column": 18 }
      },
      "68": {
        "start": { "line": 69, "column": 0 },
        "end": { "line": 69, "column": 4 }
      },
      "69": {
        "start": { "line": 70, "column": 0 },
        "end": { "line": 70, "column": 2 }
      }
    },
    "s": {
      "0": 1,
      "1": 1,
      "2": 1,
      "3": 1,
      "4": 1,
      "5": 1,
      "6": 1,
      "7": 1,
      "8": 1,
      "9": 1,
      "10": 1,
      "11": 1,
      "12": 1,
      "13": 1,
      "14": 1,
      "15": 1,
      "16": 1,
      "17": 1,
      "18": 1,
      "19": 1,
      "20": 1,
      "21": 1,
      "22": 1,
      "23": 1,
      "24": 1,
      "25": 1,
      "26": 0,
      "27": 0,
      "28": 0,
      "29": 1,
      "30": 0,
      "31": 0,
      "32": 0,
      "33": 0,
      "34": 0,
      "35": 0,
      "36": 0,
      "37": 0,
      "38": 0,
      "39": 0,
      "40": 0,
      "41": 0,
      "42": 1,
      "43": 0,
      "44": 0,
      "45": 0,
      "46": 0,
      "47": 0,
      "48": 0,
      "49": 0,
      "50": 1,
      "51": 1,
      "52": 1,
      "53": 1,
      "54": 0,
      "55": 1,
      "56": 1,
      "57": 1,
      "58": 0,
      "59": 0,
      "60": 0,
      "61": 1,
      "62": 1,
      "63": 0,
      "64": 0,
      "65": 0,
      "66": 0,
      "67": 0,
      "68": 0,
      "69": 1
    },
    "branchMap": {
      "0": {
        "type": "branch",
        "line": 5,
        "loc": {
          "start": { "line": 5, "column": 23 },
          "end": { "line": 11, "column": 2 }
        },
        "locations": [
          {
            "start": { "line": 5, "column": 23 },
            "end": { "line": 11, "column": 2 }
          }
        ]
      },
      "1": {
        "type": "branch",
        "line": 13,
        "loc": {
          "start": { "line": 13, "column": 0 },
          "end": { "line": 29, "column": 1 }
        },
        "locations": [
          {
            "start": { "line": 13, "column": 0 },
            "end": { "line": 29, "column": 1 }
          }
        ]
      },
      "2": {
        "type": "branch",
        "line": 26,
        "loc": {
          "start": { "line": 26, "column": 3 },
          "end": { "line": 29, "column": 1 }
        },
        "locations": [
          {
            "start": { "line": 26, "column": 3 },
            "end": { "line": 29, "column": 1 }
          }
        ]
      },
      "3": {
        "type": "branch",
        "line": 19,
        "loc": {
          "start": { "line": 19, "column": 33 },
          "end": { "line": 20, "column": 51 }
        },
        "locations": [
          {
            "start": { "line": 19, "column": 33 },
            "end": { "line": 20, "column": 51 }
          }
        ]
      },
      "4": {
        "type": "branch",
        "line": 53,
        "loc": {
          "start": { "line": 53, "column": 2 },
          "end": { "line": 56, "column": 4 }
        },
        "locations": [
          {
            "start": { "line": 53, "column": 2 },
            "end": { "line": 56, "column": 4 }
          }
        ]
      },
      "5": {
        "type": "branch",
        "line": 54,
        "loc": {
          "start": { "line": 54, "column": 55 },
          "end": { "line": 55, "column": 20 }
        },
        "locations": [
          {
            "start": { "line": 54, "column": 55 },
            "end": { "line": 55, "column": 20 }
          }
        ]
      }
    },
    "b": { "0": [1], "1": [1], "2": [0], "3": [1], "4": [1], "5": [0] },
    "fnMap": {
      "0": {
        "name": "defaultHeaders",
        "decl": {
          "start": { "line": 5, "column": 23 },
          "end": { "line": 11, "column": 2 }
        },
        "loc": {
          "start": { "line": 5, "column": 23 },
          "end": { "line": 11, "column": 2 }
        },
        "line": 5
      },
      "1": {
        "name": "fetchGet",
        "decl": {
          "start": { "line": 13, "column": 0 },
          "end": { "line": 29, "column": 1 }
        },
        "loc": {
          "start": { "line": 13, "column": 0 },
          "end": { "line": 29, "column": 1 }
        },
        "line": 13
      },
      "2": {
        "name": "getAllPages",
        "decl": {
          "start": { "line": 31, "column": 0 },
          "end": { "line": 42, "column": 1 }
        },
        "loc": {
          "start": { "line": 31, "column": 0 },
          "end": { "line": 42, "column": 1 }
        },
        "line": 31
      },
      "3": {
        "name": "fetchByIdOrUrl",
        "decl": {
          "start": { "line": 44, "column": 0 },
          "end": { "line": 50, "column": 1 }
        },
        "loc": {
          "start": { "line": 44, "column": 0 },
          "end": { "line": 50, "column": 1 }
        },
        "line": 44
      },
      "4": {
        "name": "getPeoples",
        "decl": {
          "start": { "line": 53, "column": 2 },
          "end": { "line": 56, "column": 4 }
        },
        "loc": {
          "start": { "line": 53, "column": 2 },
          "end": { "line": 56, "column": 4 }
        },
        "line": 53
      },
      "5": {
        "name": "getPeopleIdOrUrl",
        "decl": {
          "start": { "line": 58, "column": 2 },
          "end": { "line": 61, "column": 4 }
        },
        "loc": {
          "start": { "line": 58, "column": 2 },
          "end": { "line": 61, "column": 4 }
        },
        "line": 58
      },
      "6": {
        "name": "findPeopleByName",
        "decl": {
          "start": { "line": 63, "column": 2 },
          "end": { "line": 69, "column": 4 }
        },
        "loc": {
          "start": { "line": 63, "column": 2 },
          "end": { "line": 69, "column": 4 }
        },
        "line": 63
      }
    },
    "f": { "0": 1, "1": 1, "2": 0, "3": 0, "4": 1, "5": 0, "6": 0 }
  },
  "C:\\Users\\Асель\\OneDrive\\Desktop\\RSS-REACT-2024\\class-components-2024\\src\\app\\components\\Card.tsx": {
    "path": "C:\\Users\\Асель\\OneDrive\\Desktop\\RSS-REACT-2024\\class-components-2024\\src\\app\\components\\Card.tsx",
    "all": false,
    "statementMap": {
      "0": {
        "start": { "line": 1, "column": 0 },
        "end": { "line": 1, "column": 26 }
      },
      "1": {
        "start": { "line": 2, "column": 0 },
        "end": { "line": 2, "column": 47 }
      },
      "2": {
        "start": { "line": 3, "column": 0 },
        "end": { "line": 3, "column": 0 }
      },
      "3": {
        "start": { "line": 4, "column": 0 },
        "end": { "line": 4, "column": 61 }
      },
      "4": {
        "start": { "line": 5, "column": 0 },
        "end": { "line": 5, "column": 10 }
      },
      "5": {
        "start": { "line": 6, "column": 0 },
        "end": { "line": 6, "column": 11 }
      },
      "6": {
        "start": { "line": 7, "column": 0 },
        "end": { "line": 7, "column": 19 }
      },
      "7": {
        "start": { "line": 8, "column": 0 },
        "end": { "line": 8, "column": 29 }
      },
      "8": {
        "start": { "line": 9, "column": 0 },
        "end": { "line": 9, "column": 38 }
      },
      "9": {
        "start": { "line": 10, "column": 0 },
        "end": { "line": 10, "column": 30 }
      },
      "10": {
        "start": { "line": 11, "column": 0 },
        "end": { "line": 11, "column": 5 }
      },
      "11": {
        "start": { "line": 12, "column": 0 },
        "end": { "line": 12, "column": 24 }
      },
      "12": {
        "start": { "line": 13, "column": 0 },
        "end": { "line": 13, "column": 34 }
      },
      "13": {
        "start": { "line": 14, "column": 0 },
        "end": { "line": 14, "column": 13 }
      },
      "14": {
        "start": { "line": 15, "column": 0 },
        "end": { "line": 15, "column": 4 }
      },
      "15": {
        "start": { "line": 16, "column": 0 },
        "end": { "line": 16, "column": 2 }
      },
      "16": {
        "start": { "line": 17, "column": 0 },
        "end": { "line": 17, "column": 0 }
      },
      "17": {
        "start": { "line": 18, "column": 0 },
        "end": { "line": 18, "column": 20 }
      }
    },
    "s": {
      "0": 1,
      "1": 1,
      "2": 1,
      "3": 1,
      "4": 8,
      "5": 8,
      "6": 8,
      "7": 8,
      "8": 8,
      "9": 8,
      "10": 8,
      "11": 8,
      "12": 8,
      "13": 8,
      "14": 8,
      "15": 8,
      "16": 1,
      "17": 1
    },
    "branchMap": {
      "0": {
        "type": "branch",
        "line": 4,
        "loc": {
          "start": { "line": 4, "column": 34 },
          "end": { "line": 16, "column": 2 }
        },
        "locations": [
          {
            "start": { "line": 4, "column": 34 },
            "end": { "line": 16, "column": 2 }
          }
        ]
      },
      "1": {
        "type": "branch",
        "line": 9,
        "loc": {
          "start": { "line": 9, "column": 15 },
          "end": { "line": 9, "column": 38 }
        },
        "locations": [
          {
            "start": { "line": 9, "column": 15 },
            "end": { "line": 9, "column": 38 }
          }
        ]
      }
    },
    "b": { "0": [8], "1": [2] },
    "fnMap": {
      "0": {
        "name": "Card",
        "decl": {
          "start": { "line": 4, "column": 34 },
          "end": { "line": 16, "column": 2 }
        },
        "loc": {
          "start": { "line": 4, "column": 34 },
          "end": { "line": 16, "column": 2 }
        },
        "line": 4
      },
      "1": {
        "name": "onClick",
        "decl": {
          "start": { "line": 9, "column": 15 },
          "end": { "line": 9, "column": 38 }
        },
        "loc": {
          "start": { "line": 9, "column": 15 },
          "end": { "line": 9, "column": 38 }
        },
        "line": 9
      }
    },
    "f": { "0": 8, "1": 2 }
  },
  "C:\\Users\\Асель\\OneDrive\\Desktop\\RSS-REACT-2024\\class-components-2024\\src\\app\\components\\DetailedCard.tsx": {
    "path": "C:\\Users\\Асель\\OneDrive\\Desktop\\RSS-REACT-2024\\class-components-2024\\src\\app\\components\\DetailedCard.tsx",
    "all": false,
    "statementMap": {
      "0": {
        "start": { "line": 1, "column": 0 },
        "end": { "line": 1, "column": 41 }
      },
      "1": {
        "start": { "line": 2, "column": 0 },
        "end": { "line": 2, "column": 53 }
      },
      "2": {
        "start": { "line": 3, "column": 0 },
        "end": { "line": 3, "column": 34 }
      },
      "3": {
        "start": { "line": 4, "column": 0 },
        "end": { "line": 4, "column": 40 }
      },
      "4": {
        "start": { "line": 5, "column": 0 },
        "end": { "line": 5, "column": 60 }
      },
      "5": {
        "start": { "line": 6, "column": 0 },
        "end": { "line": 6, "column": 0 }
      },
      "6": {
        "start": { "line": 7, "column": 0 },
        "end": { "line": 7, "column": 54 }
      },
      "7": {
        "start": { "line": 8, "column": 0 },
        "end": { "line": 8, "column": 7 }
      },
      "8": {
        "start": { "line": 9, "column": 0 },
        "end": { "line": 9, "column": 26 }
      },
      "9": {
        "start": { "line": 10, "column": 0 },
        "end": { "line": 10, "column": 7 }
      },
      "10": {
        "start": { "line": 11, "column": 0 },
        "end": { "line": 11, "column": 37 }
      },
      "11": {
        "start": { "line": 12, "column": 0 },
        "end": { "line": 12, "column": 38 }
      },
      "12": {
        "start": { "line": 13, "column": 0 },
        "end": { "line": 13, "column": 60 }
      },
      "13": {
        "start": { "line": 14, "column": 0 },
        "end": { "line": 14, "column": 33 }
      },
      "14": {
        "start": { "line": 15, "column": 0 },
        "end": { "line": 15, "column": 33 }
      },
      "15": {
        "start": { "line": 16, "column": 0 },
        "end": { "line": 16, "column": 0 }
      },
      "16": {
        "start": { "line": 17, "column": 0 },
        "end": { "line": 17, "column": 19 }
      },
      "17": {
        "start": { "line": 18, "column": 0 },
        "end": { "line": 18, "column": 79 }
      },
      "18": {
        "start": { "line": 19, "column": 0 },
        "end": { "line": 19, "column": 13 }
      },
      "19": {
        "start": { "line": 20, "column": 0 },
        "end": { "line": 20, "column": 94 }
      },
      "20": {
        "start": { "line": 21, "column": 0 },
        "end": { "line": 21, "column": 6 }
      },
      "21": {
        "start": { "line": 22, "column": 0 },
        "end": { "line": 22, "column": 9 }
      },
      "22": {
        "start": { "line": 23, "column": 0 },
        "end": { "line": 23, "column": 0 }
      },
      "23": {
        "start": { "line": 24, "column": 0 },
        "end": { "line": 24, "column": 10 }
      },
      "24": {
        "start": { "line": 25, "column": 0 },
        "end": { "line": 25, "column": 71 }
      },
      "25": {
        "start": { "line": 26, "column": 0 },
        "end": { "line": 26, "column": 13 }
      },
      "26": {
        "start": { "line": 27, "column": 0 },
        "end": { "line": 27, "column": 34 }
      },
      "27": {
        "start": { "line": 28, "column": 0 },
        "end": { "line": 28, "column": 49 }
      },
      "28": {
        "start": { "line": 29, "column": 0 },
        "end": { "line": 29, "column": 7 }
      },
      "29": {
        "start": { "line": 30, "column": 0 },
        "end": { "line": 30, "column": 9 }
      },
      "30": {
        "start": { "line": 31, "column": 0 },
        "end": { "line": 31, "column": 15 }
      },
      "31": {
        "start": { "line": 32, "column": 0 },
        "end": { "line": 32, "column": 11 }
      },
      "32": {
        "start": { "line": 33, "column": 0 },
        "end": { "line": 33, "column": 12 }
      },
      "33": {
        "start": { "line": 34, "column": 0 },
        "end": { "line": 34, "column": 34 }
      },
      "34": {
        "start": { "line": 35, "column": 0 },
        "end": { "line": 35, "column": 105 }
      },
      "35": {
        "start": { "line": 36, "column": 0 },
        "end": { "line": 36, "column": 18 }
      },
      "36": {
        "start": { "line": 37, "column": 0 },
        "end": { "line": 37, "column": 10 }
      },
      "37": {
        "start": { "line": 38, "column": 0 },
        "end": { "line": 38, "column": 12 }
      },
      "38": {
        "start": { "line": 39, "column": 0 },
        "end": { "line": 39, "column": 34 }
      },
      "39": {
        "start": { "line": 40, "column": 0 },
        "end": { "line": 40, "column": 28 }
      },
      "40": {
        "start": { "line": 41, "column": 0 },
        "end": { "line": 41, "column": 11 }
      },
      "41": {
        "start": { "line": 42, "column": 0 },
        "end": { "line": 42, "column": 45 }
      },
      "42": {
        "start": { "line": 43, "column": 0 },
        "end": { "line": 43, "column": 12 }
      },
      "43": {
        "start": { "line": 44, "column": 0 },
        "end": { "line": 44, "column": 11 }
      },
      "44": {
        "start": { "line": 45, "column": 0 },
        "end": { "line": 45, "column": 53 }
      },
      "45": {
        "start": { "line": 46, "column": 0 },
        "end": { "line": 46, "column": 12 }
      },
      "46": {
        "start": { "line": 47, "column": 0 },
        "end": { "line": 47, "column": 11 }
      },
      "47": {
        "start": { "line": 48, "column": 0 },
        "end": { "line": 48, "column": 45 }
      },
      "48": {
        "start": { "line": 49, "column": 0 },
        "end": { "line": 49, "column": 12 }
      },
      "49": {
        "start": { "line": 50, "column": 0 },
        "end": { "line": 50, "column": 11 }
      },
      "50": {
        "start": { "line": 51, "column": 0 },
        "end": { "line": 51, "column": 53 }
      },
      "51": {
        "start": { "line": 52, "column": 0 },
        "end": { "line": 52, "column": 12 }
      },
      "52": {
        "start": { "line": 53, "column": 0 },
        "end": { "line": 53, "column": 11 }
      },
      "53": {
        "start": { "line": 54, "column": 0 },
        "end": { "line": 54, "column": 48 }
      },
      "54": {
        "start": { "line": 55, "column": 0 },
        "end": { "line": 55, "column": 12 }
      },
      "55": {
        "start": { "line": 56, "column": 0 },
        "end": { "line": 56, "column": 12 }
      },
      "56": {
        "start": { "line": 57, "column": 0 },
        "end": { "line": 57, "column": 14 }
      },
      "57": {
        "start": { "line": 58, "column": 0 },
        "end": { "line": 58, "column": 4 }
      },
      "58": {
        "start": { "line": 59, "column": 0 },
        "end": { "line": 59, "column": 2 }
      },
      "59": {
        "start": { "line": 60, "column": 0 },
        "end": { "line": 60, "column": 0 }
      },
      "60": {
        "start": { "line": 61, "column": 0 },
        "end": { "line": 61, "column": 32 }
      }
    },
    "s": {
      "0": 1,
      "1": 1,
      "2": 1,
      "3": 1,
      "4": 1,
      "5": 1,
      "6": 1,
      "7": 3,
      "8": 3,
      "9": 3,
      "10": 3,
      "11": 3,
      "12": 3,
      "13": 3,
      "14": 3,
      "15": 3,
      "16": 3,
      "17": 3,
      "18": 3,
      "19": 3,
      "20": 3,
      "21": 3,
      "22": 3,
      "23": 3,
      "24": 3,
      "25": 3,
      "26": 3,
      "27": 3,
      "28": 3,
      "29": 3,
      "30": 3,
      "31": 3,
      "32": 3,
      "33": 3,
      "34": 3,
      "35": 3,
      "36": 3,
      "37": 3,
      "38": 3,
      "39": 3,
      "40": 3,
      "41": 3,
      "42": 3,
      "43": 3,
      "44": 3,
      "45": 3,
      "46": 3,
      "47": 3,
      "48": 3,
      "49": 3,
      "50": 3,
      "51": 3,
      "52": 3,
      "53": 3,
      "54": 3,
      "55": 3,
      "56": 3,
      "57": 3,
      "58": 3,
      "59": 1,
      "60": 1
    },
    "branchMap": {
      "0": {
        "type": "branch",
        "line": 7,
        "loc": {
          "start": { "line": 7, "column": 52 },
          "end": { "line": 59, "column": 2 }
        },
        "locations": [
          {
            "start": { "line": 7, "column": 52 },
            "end": { "line": 59, "column": 2 }
          }
        ]
      },
      "1": {
        "type": "branch",
        "line": 17,
        "loc": {
          "start": { "line": 17, "column": 12 },
          "end": { "line": 22, "column": 5 }
        },
        "locations": [
          {
            "start": { "line": 17, "column": 12 },
            "end": { "line": 22, "column": 5 }
          }
        ]
      },
      "2": {
        "type": "branch",
        "line": 20,
        "loc": {
          "start": { "line": 20, "column": 43 },
          "end": { "line": 20, "column": 53 }
        },
        "locations": [
          {
            "start": { "line": 20, "column": 43 },
            "end": { "line": 20, "column": 53 }
          }
        ]
      },
      "3": {
        "type": "branch",
        "line": 28,
        "loc": {
          "start": { "line": 28, "column": 17 },
          "end": { "line": 28, "column": 49 }
        },
        "locations": [
          {
            "start": { "line": 28, "column": 17 },
            "end": { "line": 28, "column": 49 }
          }
        ]
      }
    },
    "b": { "0": [3], "1": [3], "2": [0], "3": [1] },
    "fnMap": {
      "0": {
        "name": "DetailedDataCard",
        "decl": {
          "start": { "line": 7, "column": 52 },
          "end": { "line": 59, "column": 2 }
        },
        "loc": {
          "start": { "line": 7, "column": 52 },
          "end": { "line": 59, "column": 2 }
        },
        "line": 7
      },
      "1": {
        "name": "onClick",
        "decl": {
          "start": { "line": 28, "column": 17 },
          "end": { "line": 28, "column": 49 }
        },
        "loc": {
          "start": { "line": 28, "column": 17 },
          "end": { "line": 28, "column": 49 }
        },
        "line": 28
      }
    },
    "f": { "0": 3, "1": 1 }
  },
  "C:\\Users\\Асель\\OneDrive\\Desktop\\RSS-REACT-2024\\class-components-2024\\src\\app\\components\\ErrorBoundary.tsx": {
    "path": "C:\\Users\\Асель\\OneDrive\\Desktop\\RSS-REACT-2024\\class-components-2024\\src\\app\\components\\ErrorBoundary.tsx",
    "all": false,
    "statementMap": {
      "0": {
        "start": { "line": 1, "column": 0 },
        "end": { "line": 1, "column": 63 }
      },
      "1": {
        "start": { "line": 2, "column": 0 },
        "end": { "line": 2, "column": 76 }
      },
      "2": {
        "start": { "line": 3, "column": 0 },
        "end": { "line": 3, "column": 0 }
      },
      "3": {
        "start": { "line": 4, "column": 0 },
        "end": { "line": 4, "column": 79 }
      },
      "4": {
        "start": { "line": 5, "column": 0 },
        "end": { "line": 5, "column": 42 }
      },
      "5": {
        "start": { "line": 6, "column": 0 },
        "end": { "line": 6, "column": 17 }
      },
      "6": {
        "start": { "line": 7, "column": 0 },
        "end": { "line": 7, "column": 18 }
      },
      "7": {
        "start": { "line": 8, "column": 0 },
        "end": { "line": 8, "column": 22 }
      },
      "8": {
        "start": { "line": 9, "column": 0 },
        "end": { "line": 9, "column": 6 }
      },
      "9": {
        "start": { "line": 10, "column": 0 },
        "end": { "line": 10, "column": 3 }
      },
      "10": {
        "start": { "line": 11, "column": 0 },
        "end": { "line": 11, "column": 0 }
      },
      "11": {
        "start": { "line": 12, "column": 0 },
        "end": { "line": 12, "column": 69 }
      },
      "12": {
        "start": { "line": 13, "column": 0 },
        "end": { "line": 13, "column": 31 }
      },
      "13": {
        "start": { "line": 14, "column": 0 },
        "end": { "line": 14, "column": 30 }
      },
      "14": {
        "start": { "line": 15, "column": 0 },
        "end": { "line": 15, "column": 3 }
      },
      "15": {
        "start": { "line": 16, "column": 0 },
        "end": { "line": 16, "column": 0 }
      },
      "16": {
        "start": { "line": 17, "column": 0 },
        "end": { "line": 17, "column": 63 }
      },
      "17": {
        "start": { "line": 18, "column": 0 },
        "end": { "line": 18, "column": 38 }
      },
      "18": {
        "start": { "line": 19, "column": 0 },
        "end": { "line": 19, "column": 72 }
      },
      "19": {
        "start": { "line": 20, "column": 0 },
        "end": { "line": 20, "column": 3 }
      },
      "20": {
        "start": { "line": 21, "column": 0 },
        "end": { "line": 21, "column": 0 }
      },
      "21": {
        "start": { "line": 22, "column": 0 },
        "end": { "line": 22, "column": 23 }
      },
      "22": {
        "start": { "line": 23, "column": 0 },
        "end": { "line": 23, "column": 30 }
      },
      "23": {
        "start": { "line": 24, "column": 0 },
        "end": { "line": 24, "column": 14 }
      },
      "24": {
        "start": { "line": 25, "column": 0 },
        "end": { "line": 25, "column": 35 }
      },
      "25": {
        "start": { "line": 26, "column": 0 },
        "end": { "line": 26, "column": 40 }
      },
      "26": {
        "start": { "line": 27, "column": 0 },
        "end": { "line": 27, "column": 14 }
      },
      "27": {
        "start": { "line": 28, "column": 0 },
        "end": { "line": 28, "column": 8 }
      },
      "28": {
        "start": { "line": 29, "column": 0 },
        "end": { "line": 29, "column": 5 }
      },
      "29": {
        "start": { "line": 30, "column": 0 },
        "end": { "line": 30, "column": 0 }
      },
      "30": {
        "start": { "line": 31, "column": 0 },
        "end": { "line": 31, "column": 31 }
      },
      "31": {
        "start": { "line": 32, "column": 0 },
        "end": { "line": 32, "column": 3 }
      },
      "32": {
        "start": { "line": 33, "column": 0 },
        "end": { "line": 33, "column": 1 }
      },
      "33": {
        "start": { "line": 34, "column": 0 },
        "end": { "line": 34, "column": 0 }
      },
      "34": {
        "start": { "line": 35, "column": 0 },
        "end": { "line": 35, "column": 29 }
      }
    },
    "s": {
      "0": 1,
      "1": 1,
      "2": 1,
      "3": 1,
      "4": 1,
      "5": 4,
      "6": 4,
      "7": 4,
      "8": 4,
      "9": 4,
      "10": 1,
      "11": 1,
      "12": 2,
      "13": 2,
      "14": 2,
      "15": 1,
      "16": 1,
      "17": 0,
      "18": 0,
      "19": 0,
      "20": 1,
      "21": 1,
      "22": 5,
      "23": 2,
      "24": 2,
      "25": 2,
      "26": 2,
      "27": 2,
      "28": 2,
      "29": 3,
      "30": 3,
      "31": 5,
      "32": 1,
      "33": 1,
      "34": 1
    },
    "branchMap": {
      "0": {
        "type": "branch",
        "line": 5,
        "loc": {
          "start": { "line": 5, "column": 2 },
          "end": { "line": 10, "column": 3 }
        },
        "locations": [
          {
            "start": { "line": 5, "column": 2 },
            "end": { "line": 10, "column": 3 }
          }
        ]
      },
      "1": {
        "type": "branch",
        "line": 12,
        "loc": {
          "start": { "line": 12, "column": 9 },
          "end": { "line": 15, "column": 3 }
        },
        "locations": [
          {
            "start": { "line": 12, "column": 9 },
            "end": { "line": 15, "column": 3 }
          }
        ]
      },
      "2": {
        "type": "branch",
        "line": 22,
        "loc": {
          "start": { "line": 22, "column": 2 },
          "end": { "line": 32, "column": 3 }
        },
        "locations": [
          {
            "start": { "line": 22, "column": 2 },
            "end": { "line": 32, "column": 3 }
          }
        ]
      },
      "3": {
        "type": "branch",
        "line": 23,
        "loc": {
          "start": { "line": 23, "column": 29 },
          "end": { "line": 29, "column": 5 }
        },
        "locations": [
          {
            "start": { "line": 23, "column": 29 },
            "end": { "line": 29, "column": 5 }
          }
        ]
      },
      "4": {
        "type": "branch",
        "line": 29,
        "loc": {
          "start": { "line": 29, "column": 4 },
          "end": { "line": 31, "column": 31 }
        },
        "locations": [
          {
            "start": { "line": 29, "column": 4 },
            "end": { "line": 31, "column": 31 }
          }
        ]
      }
    },
    "b": { "0": [4], "1": [2], "2": [5], "3": [2], "4": [3] },
    "fnMap": {
      "0": {
        "name": "ErrorBoundary",
        "decl": {
          "start": { "line": 5, "column": 2 },
          "end": { "line": 10, "column": 3 }
        },
        "loc": {
          "start": { "line": 5, "column": 2 },
          "end": { "line": 10, "column": 3 }
        },
        "line": 5
      },
      "1": {
        "name": "getDerivedStateFromError",
        "decl": {
          "start": { "line": 12, "column": 9 },
          "end": { "line": 15, "column": 3 }
        },
        "loc": {
          "start": { "line": 12, "column": 9 },
          "end": { "line": 15, "column": 3 }
        },
        "line": 12
      },
      "2": {
        "name": "componentDidCatch",
        "decl": {
          "start": { "line": 17, "column": 2 },
          "end": { "line": 20, "column": 3 }
        },
        "loc": {
          "start": { "line": 17, "column": 2 },
          "end": { "line": 20, "column": 3 }
        },
        "line": 17
      },
      "3": {
        "name": "render",
        "decl": {
          "start": { "line": 22, "column": 2 },
          "end": { "line": 32, "column": 3 }
        },
        "loc": {
          "start": { "line": 22, "column": 2 },
          "end": { "line": 32, "column": 3 }
        },
        "line": 22
      }
    },
    "f": { "0": 4, "1": 2, "2": 0, "3": 5 }
  },
  "C:\\Users\\Асель\\OneDrive\\Desktop\\RSS-REACT-2024\\class-components-2024\\src\\app\\components\\Loading.tsx": {
    "path": "C:\\Users\\Асель\\OneDrive\\Desktop\\RSS-REACT-2024\\class-components-2024\\src\\app\\components\\Loading.tsx",
    "all": false,
    "statementMap": {
      "0": {
        "start": { "line": 1, "column": 0 },
        "end": { "line": 1, "column": 26 }
      },
      "1": {
        "start": { "line": 2, "column": 0 },
        "end": { "line": 2, "column": 31 }
      },
      "2": {
        "start": { "line": 3, "column": 0 },
        "end": { "line": 3, "column": 0 }
      },
      "3": {
        "start": { "line": 4, "column": 0 },
        "end": { "line": 4, "column": 23 }
      },
      "4": {
        "start": { "line": 5, "column": 0 },
        "end": { "line": 5, "column": 10 }
      },
      "5": {
        "start": { "line": 6, "column": 0 },
        "end": { "line": 6, "column": 54 }
      },
      "6": {
        "start": { "line": 7, "column": 0 },
        "end": { "line": 7, "column": 42 }
      },
      "7": {
        "start": { "line": 8, "column": 0 },
        "end": { "line": 8, "column": 38 }
      },
      "8": {
        "start": { "line": 9, "column": 0 },
        "end": { "line": 9, "column": 39 }
      },
      "9": {
        "start": { "line": 10, "column": 0 },
        "end": { "line": 10, "column": 39 }
      },
      "10": {
        "start": { "line": 11, "column": 0 },
        "end": { "line": 11, "column": 39 }
      },
      "11": {
        "start": { "line": 12, "column": 0 },
        "end": { "line": 12, "column": 39 }
      },
      "12": {
        "start": { "line": 13, "column": 0 },
        "end": { "line": 13, "column": 39 }
      },
      "13": {
        "start": { "line": 14, "column": 0 },
        "end": { "line": 14, "column": 39 }
      },
      "14": {
        "start": { "line": 15, "column": 0 },
        "end": { "line": 15, "column": 14 }
      },
      "15": {
        "start": { "line": 16, "column": 0 },
        "end": { "line": 16, "column": 12 }
      },
      "16": {
        "start": { "line": 17, "column": 0 },
        "end": { "line": 17, "column": 14 }
      },
      "17": {
        "start": { "line": 18, "column": 0 },
        "end": { "line": 18, "column": 4 }
      },
      "18": {
        "start": { "line": 19, "column": 0 },
        "end": { "line": 19, "column": 2 }
      },
      "19": {
        "start": { "line": 20, "column": 0 },
        "end": { "line": 20, "column": 0 }
      },
      "20": {
        "start": { "line": 21, "column": 0 },
        "end": { "line": 21, "column": 23 }
      }
    },
    "s": {
      "0": 1,
      "1": 1,
      "2": 1,
      "3": 1,
      "4": 4,
      "5": 4,
      "6": 4,
      "7": 4,
      "8": 4,
      "9": 4,
      "10": 4,
      "11": 4,
      "12": 4,
      "13": 4,
      "14": 4,
      "15": 4,
      "16": 4,
      "17": 4,
      "18": 4,
      "19": 1,
      "20": 1
    },
    "branchMap": {
      "0": {
        "type": "branch",
        "line": 4,
        "loc": {
          "start": { "line": 4, "column": 16 },
          "end": { "line": 19, "column": 2 }
        },
        "locations": [
          {
            "start": { "line": 4, "column": 16 },
            "end": { "line": 19, "column": 2 }
          }
        ]
      }
    },
    "b": { "0": [4] },
    "fnMap": {
      "0": {
        "name": "Loading",
        "decl": {
          "start": { "line": 4, "column": 16 },
          "end": { "line": 19, "column": 2 }
        },
        "loc": {
          "start": { "line": 4, "column": 16 },
          "end": { "line": 19, "column": 2 }
        },
        "line": 4
      }
    },
    "f": { "0": 4 }
  },
  "C:\\Users\\Асель\\OneDrive\\Desktop\\RSS-REACT-2024\\class-components-2024\\src\\app\\components\\Pagination.tsx": {
    "path": "C:\\Users\\Асель\\OneDrive\\Desktop\\RSS-REACT-2024\\class-components-2024\\src\\app\\components\\Pagination.tsx",
    "all": false,
    "statementMap": {
      "0": {
        "start": { "line": 1, "column": 0 },
        "end": { "line": 1, "column": 51 }
      },
      "1": {
        "start": { "line": 2, "column": 0 },
        "end": { "line": 2, "column": 60 }
      },
      "2": {
        "start": { "line": 3, "column": 0 },
        "end": { "line": 3, "column": 34 }
      },
      "3": {
        "start": { "line": 4, "column": 0 },
        "end": { "line": 4, "column": 0 }
      },
      "4": {
        "start": { "line": 5, "column": 0 },
        "end": { "line": 5, "column": 27 }
      },
      "5": {
        "start": { "line": 6, "column": 0 },
        "end": { "line": 6, "column": 19 }
      },
      "6": {
        "start": { "line": 7, "column": 0 },
        "end": { "line": 7, "column": 40 }
      },
      "7": {
        "start": { "line": 8, "column": 0 },
        "end": { "line": 8, "column": 26 }
      },
      "8": {
        "start": { "line": 9, "column": 0 },
        "end": { "line": 9, "column": 1 }
      },
      "9": {
        "start": { "line": 10, "column": 0 },
        "end": { "line": 10, "column": 0 }
      },
      "10": {
        "start": { "line": 11, "column": 0 },
        "end": { "line": 11, "column": 48 }
      },
      "11": {
        "start": { "line": 12, "column": 0 },
        "end": { "line": 12, "column": 11 }
      },
      "12": {
        "start": { "line": 13, "column": 0 },
        "end": { "line": 13, "column": 16 }
      },
      "13": {
        "start": { "line": 14, "column": 0 },
        "end": { "line": 14, "column": 17 }
      },
      "14": {
        "start": { "line": 15, "column": 0 },
        "end": { "line": 15, "column": 7 }
      },
      "15": {
        "start": { "line": 16, "column": 0 },
        "end": { "line": 16, "column": 33 }
      },
      "16": {
        "start": { "line": 17, "column": 0 },
        "end": { "line": 17, "column": 33 }
      },
      "17": {
        "start": { "line": 18, "column": 0 },
        "end": { "line": 18, "column": 52 }
      },
      "18": {
        "start": { "line": 19, "column": 0 },
        "end": { "line": 19, "column": 46 }
      },
      "19": {
        "start": { "line": 20, "column": 0 },
        "end": { "line": 20, "column": 0 }
      },
      "20": {
        "start": { "line": 21, "column": 0 },
        "end": { "line": 21, "column": 46 }
      },
      "21": {
        "start": { "line": 22, "column": 0 },
        "end": { "line": 22, "column": 25 }
      },
      "22": {
        "start": { "line": 23, "column": 0 },
        "end": { "line": 23, "column": 24 }
      },
      "23": {
        "start": { "line": 24, "column": 0 },
        "end": { "line": 24, "column": 77 }
      },
      "24": {
        "start": { "line": 25, "column": 0 },
        "end": { "line": 25, "column": 75 }
      },
      "25": {
        "start": { "line": 26, "column": 0 },
        "end": { "line": 26, "column": 15 }
      },
      "26": {
        "start": { "line": 27, "column": 0 },
        "end": { "line": 27, "column": 17 }
      },
      "27": {
        "start": { "line": 28, "column": 0 },
        "end": { "line": 28, "column": 24 }
      },
      "28": {
        "start": { "line": 29, "column": 0 },
        "end": { "line": 29, "column": 48 }
      },
      "29": {
        "start": { "line": 30, "column": 0 },
        "end": { "line": 30, "column": 7 }
      },
      "30": {
        "start": { "line": 31, "column": 0 },
        "end": { "line": 31, "column": 73 }
      },
      "31": {
        "start": { "line": 32, "column": 0 },
        "end": { "line": 32, "column": 45 }
      },
      "32": {
        "start": { "line": 33, "column": 0 },
        "end": { "line": 33, "column": 69 }
      },
      "33": {
        "start": { "line": 34, "column": 0 },
        "end": { "line": 34, "column": 5 }
      },
      "34": {
        "start": { "line": 35, "column": 0 },
        "end": { "line": 35, "column": 0 }
      },
      "35": {
        "start": { "line": 36, "column": 0 },
        "end": { "line": 36, "column": 79 }
      },
      "36": {
        "start": { "line": 37, "column": 0 },
        "end": { "line": 37, "column": 24 }
      },
      "37": {
        "start": { "line": 38, "column": 0 },
        "end": { "line": 38, "column": 4 }
      },
      "38": {
        "start": { "line": 39, "column": 0 },
        "end": { "line": 39, "column": 0 }
      },
      "39": {
        "start": { "line": 40, "column": 0 },
        "end": { "line": 40, "column": 76 }
      },
      "40": {
        "start": { "line": 41, "column": 0 },
        "end": { "line": 41, "column": 0 }
      },
      "41": {
        "start": { "line": 42, "column": 0 },
        "end": { "line": 42, "column": 19 }
      },
      "42": {
        "start": { "line": 43, "column": 0 },
        "end": { "line": 43, "column": 22 }
      },
      "43": {
        "start": { "line": 44, "column": 0 },
        "end": { "line": 44, "column": 23 }
      },
      "44": {
        "start": { "line": 45, "column": 0 },
        "end": { "line": 45, "column": 0 }
      },
      "45": {
        "start": { "line": 46, "column": 0 },
        "end": { "line": 46, "column": 10 }
      },
      "46": {
        "start": { "line": 47, "column": 0 },
        "end": { "line": 47, "column": 46 }
      },
      "47": {
        "start": { "line": 48, "column": 0 },
        "end": { "line": 48, "column": 40 }
      },
      "48": {
        "start": { "line": 49, "column": 0 },
        "end": { "line": 49, "column": 15 }
      },
      "49": {
        "start": { "line": 50, "column": 0 },
        "end": { "line": 50, "column": 30 }
      },
      "50": {
        "start": { "line": 51, "column": 0 },
        "end": { "line": 51, "column": 59 }
      },
      "51": {
        "start": { "line": 52, "column": 0 },
        "end": { "line": 52, "column": 38 }
      },
      "52": {
        "start": { "line": 53, "column": 0 },
        "end": { "line": 53, "column": 9 }
      },
      "53": {
        "start": { "line": 54, "column": 0 },
        "end": { "line": 54, "column": 14 }
      },
      "54": {
        "start": { "line": 55, "column": 0 },
        "end": { "line": 55, "column": 17 }
      },
      "55": {
        "start": { "line": 56, "column": 0 },
        "end": { "line": 56, "column": 28 }
      },
      "56": {
        "start": { "line": 57, "column": 0 },
        "end": { "line": 57, "column": 18 }
      },
      "57": {
        "start": { "line": 58, "column": 0 },
        "end": { "line": 58, "column": 19 }
      },
      "58": {
        "start": { "line": 59, "column": 0 },
        "end": { "line": 59, "column": 22 }
      },
      "59": {
        "start": { "line": 60, "column": 0 },
        "end": { "line": 60, "column": 76 }
      },
      "60": {
        "start": { "line": 61, "column": 0 },
        "end": { "line": 61, "column": 50 }
      },
      "61": {
        "start": { "line": 62, "column": 0 },
        "end": { "line": 62, "column": 13 }
      },
      "62": {
        "start": { "line": 63, "column": 0 },
        "end": { "line": 63, "column": 18 }
      },
      "63": {
        "start": { "line": 64, "column": 0 },
        "end": { "line": 64, "column": 21 }
      },
      "64": {
        "start": { "line": 65, "column": 0 },
        "end": { "line": 65, "column": 12 }
      },
      "65": {
        "start": { "line": 66, "column": 0 },
        "end": { "line": 66, "column": 11 }
      },
      "66": {
        "start": { "line": 67, "column": 0 },
        "end": { "line": 67, "column": 15 }
      },
      "67": {
        "start": { "line": 68, "column": 0 },
        "end": { "line": 68, "column": 30 }
      },
      "68": {
        "start": { "line": 69, "column": 0 },
        "end": { "line": 69, "column": 59 }
      },
      "69": {
        "start": { "line": 70, "column": 0 },
        "end": { "line": 70, "column": 47 }
      },
      "70": {
        "start": { "line": 71, "column": 0 },
        "end": { "line": 71, "column": 9 }
      },
      "71": {
        "start": { "line": 72, "column": 0 },
        "end": { "line": 72, "column": 14 }
      },
      "72": {
        "start": { "line": 73, "column": 0 },
        "end": { "line": 73, "column": 17 }
      },
      "73": {
        "start": { "line": 74, "column": 0 },
        "end": { "line": 74, "column": 12 }
      },
      "74": {
        "start": { "line": 75, "column": 0 },
        "end": { "line": 75, "column": 14 }
      },
      "75": {
        "start": { "line": 76, "column": 0 },
        "end": { "line": 76, "column": 4 }
      },
      "76": {
        "start": { "line": 77, "column": 0 },
        "end": { "line": 77, "column": 2 }
      },
      "77": {
        "start": { "line": 78, "column": 0 },
        "end": { "line": 78, "column": 0 }
      },
      "78": {
        "start": { "line": 79, "column": 0 },
        "end": { "line": 79, "column": 26 }
      }
    },
    "s": {
      "0": 1,
      "1": 1,
      "2": 1,
      "3": 1,
      "4": 1,
      "5": 1,
      "6": 1,
      "7": 1,
      "8": 1,
      "9": 1,
      "10": 1,
      "11": 23,
      "12": 23,
      "13": 23,
      "14": 23,
      "15": 23,
      "16": 23,
      "17": 23,
      "18": 23,
      "19": 23,
      "20": 23,
      "21": 3,
      "22": 3,
      "23": 3,
      "24": 0,
      "25": 0,
      "26": 3,
      "27": 3,
      "28": 0,
      "29": 3,
      "30": 0,
      "31": 3,
      "32": 0,
      "33": 0,
      "34": 3,
      "35": 3,
      "36": 3,
      "37": 3,
      "38": 23,
      "39": 23,
      "40": 23,
      "41": 23,
      "42": 10,
      "43": 23,
      "44": 23,
      "45": 23,
      "46": 23,
      "47": 23,
      "48": 23,
      "49": 23,
      "50": 23,
      "51": 23,
      "52": 23,
      "53": 23,
      "54": 23,
      "55": 23,
      "56": 54,
      "57": 54,
      "58": 54,
      "59": 54,
      "60": 54,
      "61": 54,
      "62": 54,
      "63": 54,
      "64": 54,
      "65": 23,
      "66": 23,
      "67": 23,
      "68": 23,
      "69": 23,
      "70": 23,
      "71": 23,
      "72": 23,
      "73": 23,
      "74": 23,
      "75": 23,
      "76": 23,
      "77": 1,
      "78": 1
    },
    "branchMap": {
      "0": {
        "type": "branch",
        "line": 11,
        "loc": {
          "start": { "line": 11, "column": 46 },
          "end": { "line": 77, "column": 2 }
        },
        "locations": [
          {
            "start": { "line": 11, "column": 46 },
            "end": { "line": 77, "column": 2 }
          }
        ]
      },
      "1": {
        "type": "branch",
        "line": 21,
        "loc": {
          "start": { "line": 21, "column": 27 },
          "end": { "line": 38, "column": 4 }
        },
        "locations": [
          {
            "start": { "line": 21, "column": 27 },
            "end": { "line": 38, "column": 4 }
          }
        ]
      },
      "2": {
        "type": "branch",
        "line": 24,
        "loc": {
          "start": { "line": 24, "column": 29 },
          "end": { "line": 24, "column": 76 }
        },
        "locations": [
          {
            "start": { "line": 24, "column": 29 },
            "end": { "line": 24, "column": 76 }
          }
        ]
      },
      "3": {
        "type": "branch",
        "line": 24,
        "loc": {
          "start": { "line": 24, "column": 76 },
          "end": { "line": 26, "column": 15 }
        },
        "locations": [
          {
            "start": { "line": 24, "column": 76 },
            "end": { "line": 26, "column": 15 }
          }
        ]
      },
      "4": {
        "type": "branch",
        "line": 28,
        "loc": {
          "start": { "line": 28, "column": 15 },
          "end": { "line": 29, "column": 48 }
        },
        "locations": [
          {
            "start": { "line": 28, "column": 15 },
            "end": { "line": 29, "column": 48 }
          }
        ]
      },
      "5": {
        "type": "branch",
        "line": 30,
        "loc": {
          "start": { "line": 30, "column": 6 },
          "end": { "line": 32, "column": 15 }
        },
        "locations": [
          {
            "start": { "line": 30, "column": 6 },
            "end": { "line": 32, "column": 15 }
          }
        ]
      },
      "6": {
        "type": "branch",
        "line": 32,
        "loc": {
          "start": { "line": 32, "column": 44 },
          "end": { "line": 34, "column": 5 }
        },
        "locations": [
          {
            "start": { "line": 32, "column": 44 },
            "end": { "line": 34, "column": 5 }
          }
        ]
      },
      "7": {
        "type": "branch",
        "line": 36,
        "loc": {
          "start": { "line": 36, "column": 54 },
          "end": { "line": 36, "column": 63 }
        },
        "locations": [
          {
            "start": { "line": 36, "column": 54 },
            "end": { "line": 36, "column": 63 }
          }
        ]
      },
      "8": {
        "type": "branch",
        "line": 40,
        "loc": {
          "start": { "line": 40, "column": 51 },
          "end": { "line": 40, "column": 74 }
        },
        "locations": [
          {
            "start": { "line": 40, "column": 51 },
            "end": { "line": 40, "column": 74 }
          }
        ]
      },
      "9": {
        "type": "branch",
        "line": 42,
        "loc": {
          "start": { "line": 42, "column": 12 },
          "end": { "line": 44, "column": 5 }
        },
        "locations": [
          {
            "start": { "line": 42, "column": 12 },
            "end": { "line": 44, "column": 5 }
          }
        ]
      },
      "10": {
        "type": "branch",
        "line": 56,
        "loc": {
          "start": { "line": 56, "column": 19 },
          "end": { "line": 66, "column": 9 }
        },
        "locations": [
          {
            "start": { "line": 56, "column": 19 },
            "end": { "line": 66, "column": 9 }
          }
        ]
      },
      "11": {
        "type": "branch",
        "line": 60,
        "loc": {
          "start": { "line": 60, "column": 41 },
          "end": { "line": 60, "column": 65 }
        },
        "locations": [
          {
            "start": { "line": 60, "column": 41 },
            "end": { "line": 60, "column": 65 }
          }
        ]
      },
      "12": {
        "type": "branch",
        "line": 60,
        "loc": {
          "start": { "line": 60, "column": 46 },
          "end": { "line": 60, "column": 76 }
        },
        "locations": [
          {
            "start": { "line": 60, "column": 46 },
            "end": { "line": 60, "column": 76 }
          }
        ]
      },
      "13": {
        "type": "branch",
        "line": 61,
        "loc": {
          "start": { "line": 61, "column": 23 },
          "end": { "line": 61, "column": 50 }
        },
        "locations": [
          {
            "start": { "line": 61, "column": 23 },
            "end": { "line": 61, "column": 50 }
          }
        ]
      },
      "14": {
        "type": "branch",
        "line": 69,
        "loc": {
          "start": { "line": 69, "column": 19 },
          "end": { "line": 69, "column": 59 }
        },
        "locations": [
          {
            "start": { "line": 69, "column": 19 },
            "end": { "line": 69, "column": 59 }
          }
        ]
      }
    },
    "b": {
      "0": [23],
      "1": [3],
      "2": [0],
      "3": [0],
      "4": [0],
      "5": [0],
      "6": [0],
      "7": [0],
      "8": [54],
      "9": [10],
      "10": [54],
      "11": [13],
      "12": [41],
      "13": [2],
      "14": [1]
    },
    "fnMap": {
      "0": {
        "name": "Pagination",
        "decl": {
          "start": { "line": 11, "column": 46 },
          "end": { "line": 77, "column": 2 }
        },
        "loc": {
          "start": { "line": 11, "column": 46 },
          "end": { "line": 77, "column": 2 }
        },
        "line": 11
      },
      "1": {
        "name": "handlePageChange",
        "decl": {
          "start": { "line": 21, "column": 27 },
          "end": { "line": 38, "column": 4 }
        },
        "loc": {
          "start": { "line": 21, "column": 27 },
          "end": { "line": 38, "column": 4 }
        },
        "line": 21
      },
      "2": {
        "name": "onClick",
        "decl": {
          "start": { "line": 51, "column": 19 },
          "end": { "line": 51, "column": 59 }
        },
        "loc": {
          "start": { "line": 51, "column": 19 },
          "end": { "line": 51, "column": 59 }
        },
        "line": 51
      },
      "3": {
        "name": "onClick",
        "decl": {
          "start": { "line": 61, "column": 23 },
          "end": { "line": 61, "column": 50 }
        },
        "loc": {
          "start": { "line": 61, "column": 23 },
          "end": { "line": 61, "column": 50 }
        },
        "line": 61
      },
      "4": {
        "name": "onClick",
        "decl": {
          "start": { "line": 69, "column": 19 },
          "end": { "line": 69, "column": 59 }
        },
        "loc": {
          "start": { "line": 69, "column": 19 },
          "end": { "line": 69, "column": 59 }
        },
        "line": 69
      }
    },
    "f": { "0": 23, "1": 3, "2": 0, "3": 2, "4": 1 }
  },
  "C:\\Users\\Асель\\OneDrive\\Desktop\\RSS-REACT-2024\\class-components-2024\\src\\app\\components\\Results.tsx": {
    "path": "C:\\Users\\Асель\\OneDrive\\Desktop\\RSS-REACT-2024\\class-components-2024\\src\\app\\components\\Results.tsx",
    "all": false,
    "statementMap": {
      "0": {
        "start": { "line": 1, "column": 0 },
        "end": { "line": 1, "column": 26 }
      },
      "1": {
        "start": { "line": 2, "column": 0 },
        "end": { "line": 2, "column": 50 }
      },
      "2": {
        "start": { "line": 3, "column": 0 },
        "end": { "line": 3, "column": 26 }
      },
      "3": {
        "start": { "line": 4, "column": 0 },
        "end": { "line": 4, "column": 0 }
      },
      "4": {
        "start": { "line": 5, "column": 0 },
        "end": { "line": 5, "column": 42 }
      },
      "5": {
        "start": { "line": 6, "column": 0 },
        "end": { "line": 6, "column": 7 }
      },
      "6": {
        "start": { "line": 7, "column": 0 },
        "end": { "line": 7, "column": 13 }
      },
      "7": {
        "start": { "line": 8, "column": 0 },
        "end": { "line": 8, "column": 26 }
      },
      "8": {
        "start": { "line": 9, "column": 0 },
        "end": { "line": 9, "column": 7 }
      },
      "9": {
        "start": { "line": 10, "column": 0 },
        "end": { "line": 10, "column": 21 }
      },
      "10": {
        "start": { "line": 11, "column": 0 },
        "end": { "line": 11, "column": 12 }
      },
      "11": {
        "start": { "line": 12, "column": 0 },
        "end": { "line": 12, "column": 35 }
      },
      "12": {
        "start": { "line": 13, "column": 0 },
        "end": { "line": 13, "column": 67 }
      },
      "13": {
        "start": { "line": 14, "column": 0 },
        "end": { "line": 14, "column": 11 }
      },
      "14": {
        "start": { "line": 15, "column": 0 },
        "end": { "line": 15, "column": 6 }
      },
      "15": {
        "start": { "line": 16, "column": 0 },
        "end": { "line": 16, "column": 3 }
      },
      "16": {
        "start": { "line": 17, "column": 0 },
        "end": { "line": 17, "column": 0 }
      },
      "17": {
        "start": { "line": 18, "column": 0 },
        "end": { "line": 18, "column": 73 }
      },
      "18": {
        "start": { "line": 19, "column": 0 },
        "end": { "line": 19, "column": 53 }
      },
      "19": {
        "start": { "line": 20, "column": 0 },
        "end": { "line": 20, "column": 32 }
      },
      "20": {
        "start": { "line": 21, "column": 0 },
        "end": { "line": 21, "column": 5 }
      },
      "21": {
        "start": { "line": 22, "column": 0 },
        "end": { "line": 22, "column": 4 }
      },
      "22": {
        "start": { "line": 23, "column": 0 },
        "end": { "line": 23, "column": 0 }
      },
      "23": {
        "start": { "line": 24, "column": 0 },
        "end": { "line": 24, "column": 60 }
      },
      "24": {
        "start": { "line": 25, "column": 0 },
        "end": { "line": 25, "column": 75 }
      },
      "25": {
        "start": { "line": 26, "column": 0 },
        "end": { "line": 26, "column": 32 }
      },
      "26": {
        "start": { "line": 27, "column": 0 },
        "end": { "line": 27, "column": 5 }
      },
      "27": {
        "start": { "line": 28, "column": 0 },
        "end": { "line": 28, "column": 4 }
      },
      "28": {
        "start": { "line": 29, "column": 0 },
        "end": { "line": 29, "column": 0 }
      },
      "29": {
        "start": { "line": 30, "column": 0 },
        "end": { "line": 30, "column": 10 }
      },
      "30": {
        "start": { "line": 31, "column": 0 },
        "end": { "line": 31, "column": 8 }
      },
      "31": {
        "start": { "line": 32, "column": 0 },
        "end": { "line": 32, "column": 32 }
      },
      "32": {
        "start": { "line": 33, "column": 0 },
        "end": { "line": 33, "column": 19 }
      },
      "33": {
        "start": { "line": 34, "column": 0 },
        "end": { "line": 34, "column": 18 }
      },
      "34": {
        "start": { "line": 35, "column": 0 },
        "end": { "line": 35, "column": 30 }
      },
      "35": {
        "start": { "line": 36, "column": 0 },
        "end": { "line": 36, "column": 23 }
      },
      "36": {
        "start": { "line": 37, "column": 0 },
        "end": { "line": 37, "column": 31 }
      },
      "37": {
        "start": { "line": 38, "column": 0 },
        "end": { "line": 38, "column": 79 }
      },
      "38": {
        "start": { "line": 39, "column": 0 },
        "end": { "line": 39, "column": 99 }
      },
      "39": {
        "start": { "line": 40, "column": 0 },
        "end": { "line": 40, "column": 5 }
      },
      "40": {
        "start": { "line": 41, "column": 0 },
        "end": { "line": 41, "column": 36 }
      },
      "41": {
        "start": { "line": 42, "column": 0 },
        "end": { "line": 42, "column": 31 }
      },
      "42": {
        "start": { "line": 43, "column": 0 },
        "end": { "line": 43, "column": 73 }
      },
      "43": {
        "start": { "line": 44, "column": 0 },
        "end": { "line": 44, "column": 11 }
      },
      "44": {
        "start": { "line": 45, "column": 0 },
        "end": { "line": 45, "column": 12 }
      },
      "45": {
        "start": { "line": 46, "column": 0 },
        "end": { "line": 46, "column": 10 }
      },
      "46": {
        "start": { "line": 47, "column": 0 },
        "end": { "line": 47, "column": 4 }
      },
      "47": {
        "start": { "line": 48, "column": 0 },
        "end": { "line": 48, "column": 2 }
      },
      "48": {
        "start": { "line": 49, "column": 0 },
        "end": { "line": 49, "column": 0 }
      },
      "49": {
        "start": { "line": 50, "column": 0 },
        "end": { "line": 50, "column": 23 }
      }
    },
    "s": {
      "0": 1,
      "1": 1,
      "2": 1,
      "3": 1,
      "4": 1,
      "5": 13,
      "6": 13,
      "7": 13,
      "8": 13,
      "9": 13,
      "10": 10,
      "11": 10,
      "12": 10,
      "13": 10,
      "14": 10,
      "15": 10,
      "16": 3,
      "17": 3,
      "18": 0,
      "19": 0,
      "20": 0,
      "21": 0,
      "22": 3,
      "23": 3,
      "24": 2,
      "25": 1,
      "26": 1,
      "27": 2,
      "28": 3,
      "29": 3,
      "30": 3,
      "31": 3,
      "32": 3,
      "33": 3,
      "34": 3,
      "35": 3,
      "36": 3,
      "37": 3,
      "38": 3,
      "39": 3,
      "40": 3,
      "41": 3,
      "42": 6,
      "43": 3,
      "44": 3,
      "45": 3,
      "46": 3,
      "47": 3,
      "48": 1,
      "49": 1
    },
    "branchMap": {
      "0": {
        "type": "branch",
        "line": 5,
        "loc": {
          "start": { "line": 5, "column": 40 },
          "end": { "line": 48, "column": 2 }
        },
        "locations": [
          {
            "start": { "line": 5, "column": 40 },
            "end": { "line": 48, "column": 2 }
          }
        ]
      },
      "1": {
        "type": "branch",
        "line": 10,
        "loc": {
          "start": { "line": 10, "column": 20 },
          "end": { "line": 16, "column": 3 }
        },
        "locations": [
          {
            "start": { "line": 10, "column": 20 },
            "end": { "line": 16, "column": 3 }
          }
        ]
      },
      "2": {
        "type": "branch",
        "line": 16,
        "loc": {
          "start": { "line": 16, "column": 2 },
          "end": { "line": 48, "column": 2 }
        },
        "locations": [
          {
            "start": { "line": 16, "column": 2 },
            "end": { "line": 48, "column": 2 }
          }
        ]
      },
      "3": {
        "type": "branch",
        "line": 24,
        "loc": {
          "start": { "line": 24, "column": 18 },
          "end": { "line": 28, "column": 4 }
        },
        "locations": [
          {
            "start": { "line": 24, "column": 18 },
            "end": { "line": 28, "column": 4 }
          }
        ]
      },
      "4": {
        "type": "branch",
        "line": 25,
        "loc": {
          "start": { "line": 25, "column": 74 },
          "end": { "line": 27, "column": 5 }
        },
        "locations": [
          {
            "start": { "line": 25, "column": 74 },
            "end": { "line": 27, "column": 5 }
          }
        ]
      },
      "5": {
        "type": "branch",
        "line": 42,
        "loc": {
          "start": { "line": 42, "column": 18 },
          "end": { "line": 43, "column": 73 }
        },
        "locations": [
          {
            "start": { "line": 42, "column": 18 },
            "end": { "line": 43, "column": 73 }
          }
        ]
      }
    },
    "b": { "0": [13], "1": [10], "2": [3], "3": [2], "4": [1], "5": [6] },
    "fnMap": {
      "0": {
        "name": "Results",
        "decl": {
          "start": { "line": 5, "column": 40 },
          "end": { "line": 48, "column": 2 }
        },
        "loc": {
          "start": { "line": 5, "column": 40 },
          "end": { "line": 48, "column": 2 }
        },
        "line": 5
      },
      "1": {
        "name": "handleKeyDown",
        "decl": {
          "start": { "line": 18, "column": 24 },
          "end": { "line": 22, "column": 4 }
        },
        "loc": {
          "start": { "line": 18, "column": 24 },
          "end": { "line": 22, "column": 4 }
        },
        "line": 18
      },
      "2": {
        "name": "onClose",
        "decl": {
          "start": { "line": 24, "column": 18 },
          "end": { "line": 28, "column": 4 }
        },
        "loc": {
          "start": { "line": 24, "column": 18 },
          "end": { "line": 28, "column": 4 }
        },
        "line": 24
      },
      "3": {
        "name": "onMouseDown",
        "decl": {
          "start": { "line": 39, "column": 19 },
          "end": { "line": 39, "column": 99 }
        },
        "loc": {
          "start": { "line": 39, "column": 19 },
          "end": { "line": 39, "column": 99 }
        },
        "line": 39
      }
    },
    "f": { "0": 13, "1": 0, "2": 2, "3": 0 }
  },
  "C:\\Users\\Асель\\OneDrive\\Desktop\\RSS-REACT-2024\\class-components-2024\\src\\app\\components\\Search.tsx": {
    "path": "C:\\Users\\Асель\\OneDrive\\Desktop\\RSS-REACT-2024\\class-components-2024\\src\\app\\components\\Search.tsx",
    "all": false,
    "statementMap": {
      "0": {
        "start": { "line": 1, "column": 0 },
        "end": { "line": 1, "column": 40 }
      },
      "1": {
        "start": { "line": 2, "column": 0 },
        "end": { "line": 2, "column": 49 }
      },
      "2": {
        "start": { "line": 3, "column": 0 },
        "end": { "line": 3, "column": 0 }
      },
      "3": {
        "start": { "line": 4, "column": 0 },
        "end": { "line": 4, "column": 61 }
      },
      "4": {
        "start": { "line": 5, "column": 0 },
        "end": { "line": 5, "column": 47 }
      },
      "5": {
        "start": { "line": 6, "column": 0 },
        "end": { "line": 6, "column": 45 }
      },
      "6": {
        "start": { "line": 7, "column": 0 },
        "end": { "line": 7, "column": 4 }
      },
      "7": {
        "start": { "line": 8, "column": 0 },
        "end": { "line": 8, "column": 0 }
      },
      "8": {
        "start": { "line": 9, "column": 0 },
        "end": { "line": 9, "column": 77 }
      },
      "9": {
        "start": { "line": 10, "column": 0 },
        "end": { "line": 10, "column": 38 }
      },
      "10": {
        "start": { "line": 11, "column": 0 },
        "end": { "line": 11, "column": 4 }
      },
      "11": {
        "start": { "line": 12, "column": 0 },
        "end": { "line": 12, "column": 0 }
      },
      "12": {
        "start": { "line": 13, "column": 0 },
        "end": { "line": 13, "column": 52 }
      },
      "13": {
        "start": { "line": 14, "column": 0 },
        "end": { "line": 14, "column": 27 }
      },
      "14": {
        "start": { "line": 15, "column": 0 },
        "end": { "line": 15, "column": 58 }
      },
      "15": {
        "start": { "line": 16, "column": 0 },
        "end": { "line": 16, "column": 36 }
      },
      "16": {
        "start": { "line": 17, "column": 0 },
        "end": { "line": 17, "column": 4 }
      },
      "17": {
        "start": { "line": 18, "column": 0 },
        "end": { "line": 18, "column": 0 }
      },
      "18": {
        "start": { "line": 19, "column": 0 },
        "end": { "line": 19, "column": 10 }
      },
      "19": {
        "start": { "line": 20, "column": 0 },
        "end": { "line": 20, "column": 13 }
      },
      "20": {
        "start": { "line": 21, "column": 0 },
        "end": { "line": 21, "column": 53 }
      },
      "21": {
        "start": { "line": 22, "column": 0 },
        "end": { "line": 22, "column": 62 }
      },
      "22": {
        "start": { "line": 23, "column": 0 },
        "end": { "line": 23, "column": 54 }
      },
      "23": {
        "start": { "line": 24, "column": 0 },
        "end": { "line": 24, "column": 16 }
      },
      "24": {
        "start": { "line": 25, "column": 0 },
        "end": { "line": 25, "column": 37 }
      },
      "25": {
        "start": { "line": 26, "column": 0 },
        "end": { "line": 26, "column": 28 }
      },
      "26": {
        "start": { "line": 27, "column": 0 },
        "end": { "line": 27, "column": 23 }
      },
      "27": {
        "start": { "line": 28, "column": 0 },
        "end": { "line": 28, "column": 30 }
      },
      "28": {
        "start": { "line": 29, "column": 0 },
        "end": { "line": 29, "column": 40 }
      },
      "29": {
        "start": { "line": 30, "column": 0 },
        "end": { "line": 30, "column": 12 }
      },
      "30": {
        "start": { "line": 31, "column": 0 },
        "end": { "line": 31, "column": 47 }
      },
      "31": {
        "start": { "line": 32, "column": 0 },
        "end": { "line": 32, "column": 15 }
      },
      "32": {
        "start": { "line": 33, "column": 0 },
        "end": { "line": 33, "column": 12 }
      },
      "33": {
        "start": { "line": 34, "column": 0 },
        "end": { "line": 34, "column": 14 }
      },
      "34": {
        "start": { "line": 35, "column": 0 },
        "end": { "line": 35, "column": 4 }
      },
      "35": {
        "start": { "line": 36, "column": 0 },
        "end": { "line": 36, "column": 2 }
      },
      "36": {
        "start": { "line": 37, "column": 0 },
        "end": { "line": 37, "column": 0 }
      },
      "37": {
        "start": { "line": 38, "column": 0 },
        "end": { "line": 38, "column": 22 }
      }
    },
    "s": {
      "0": 1,
      "1": 1,
      "2": 1,
      "3": 1,
      "4": 16,
      "5": 16,
      "6": 16,
      "7": 16,
      "8": 16,
      "9": 3,
      "10": 3,
      "11": 16,
      "12": 16,
      "13": 2,
      "14": 2,
      "15": 2,
      "16": 2,
      "17": 16,
      "18": 16,
      "19": 16,
      "20": 16,
      "21": 16,
      "22": 16,
      "23": 16,
      "24": 16,
      "25": 16,
      "26": 16,
      "27": 16,
      "28": 16,
      "29": 16,
      "30": 16,
      "31": 16,
      "32": 16,
      "33": 16,
      "34": 16,
      "35": 16,
      "36": 1,
      "37": 1
    },
    "branchMap": {
      "0": {
        "type": "branch",
        "line": 4,
        "loc": {
          "start": { "line": 4, "column": 38 },
          "end": { "line": 36, "column": 2 }
        },
        "locations": [
          {
            "start": { "line": 4, "column": 38 },
            "end": { "line": 36, "column": 2 }
          }
        ]
      },
      "1": {
        "type": "branch",
        "line": 6,
        "loc": {
          "start": { "line": 6, "column": 37 },
          "end": { "line": 6, "column": 45 }
        },
        "locations": [
          {
            "start": { "line": 6, "column": 37 },
            "end": { "line": 6, "column": 45 }
          }
        ]
      },
      "2": {
        "type": "branch",
        "line": 9,
        "loc": {
          "start": { "line": 9, "column": 28 },
          "end": { "line": 11, "column": 4 }
        },
        "locations": [
          {
            "start": { "line": 9, "column": 28 },
            "end": { "line": 11, "column": 4 }
          }
        ]
      },
      "3": {
        "type": "branch",
        "line": 13,
        "loc": {
          "start": { "line": 13, "column": 23 },
          "end": { "line": 17, "column": 4 }
        },
        "locations": [
          {
            "start": { "line": 13, "column": 23 },
            "end": { "line": 17, "column": 4 }
          }
        ]
      }
    },
    "b": { "0": [16], "1": [13], "2": [3], "3": [2] },
    "fnMap": {
      "0": {
        "name": "Search",
        "decl": {
          "start": { "line": 4, "column": 38 },
          "end": { "line": 36, "column": 2 }
        },
[...]
      "132": {
        "start": { "line": 133, "column": 0 },
        "end": { "line": 133, "column": 14 }
      },
      "133": {
        "start": { "line": 134, "column": 0 },
        "end": { "line": 134, "column": 8 }
      },
      "134": {
        "start": { "line": 135, "column": 0 },
        "end": { "line": 135, "column": 58 }
      },
      "135": {
        "start": { "line": 136, "column": 0 },
        "end": { "line": 136, "column": 70 }
      },
      "136": {
        "start": { "line": 137, "column": 0 },
        "end": { "line": 137, "column": 21 }
      },
      "137": {
        "start": { "line": 138, "column": 0 },
        "end": { "line": 138, "column": 17 }
      },
      "138": {
        "start": { "line": 139, "column": 0 },
        "end": { "line": 139, "column": 12 }
      },
      "139": {
        "start": { "line": 140, "column": 0 },
        "end": { "line": 140, "column": 7 }
      },
      "140": {
        "start": { "line": 141, "column": 0 },
        "end": { "line": 141, "column": 4 }
      },
      "141": {
        "start": { "line": 142, "column": 0 },
        "end": { "line": 142, "column": 2 }
      },
      "142": {
        "start": { "line": 143, "column": 0 },
        "end": { "line": 143, "column": 0 }
      },
      "143": {
        "start": { "line": 144, "column": 0 },
        "end": { "line": 144, "column": 20 }
      }
    },
    "s": {
      "0": 1,
      "1": 1,
      "2": 1,
      "3": 1,
      "4": 1,
      "5": 1,
      "6": 1,
      "7": 1,
      "8": 1,
      "9": 1,
      "10": 1,
      "11": 10,
      "12": 10,
      "13": 10,
      "14": 10,
      "15": 10,
      "16": 10,
      "17": 10,
      "18": 10,
      "19": 10,
      "20": 10,
      "21": 10,
      "22": 10,
      "23": 10,
      "24": 4,
      "25": 4,
      "26": 4,
      "27": 4,
      "28": 4,
      "29": 4,
      "30": 4,
      "31": 4,
      "32": 1,
      "33": 3,
      "34": 2,
      "35": 3,
      "36": 1,
      "37": 1,
      "38": 2,
      "39": 4,
      "40": 4,
      "41": 4,
      "42": 4,
      "43": 4,
      "44": 1,
      "45": 1,
      "46": 1,
      "47": 1,
      "48": 0,
      "49": 0,
      "50": 0,
      "51": 1,
      "52": 4,
      "53": 10,
      "54": 10,
      "55": 1,
      "56": 1,
      "57": 1,
      "58": 1,
      "59": 10,
      "60": 10,
      "61": 0,
      "62": 0,
      "63": 0,
      "64": 0,
      "65": 10,
      "66": 10,
      "67": 0,
      "68": 0,
      "69": 10,
      "70": 10,
      "71": 0,
      "72": 0,
      "73": 0,
      "74": 0,
      "75": 0,
      "76": 0,
      "77": 0,
      "78": 0,
      "79": 0,
      "80": 0,
      "81": 10,
      "82": 10,
      "83": 0,
      "84": 0,
      "85": 10,
      "86": 10,
      "87": 3,
      "88": 3,
      "89": 3,
      "90": 0,
      "91": 3,
      "92": 3,
      "93": 10,
      "94": 10,
      "95": 10,
      "96": 0,
      "97": 0,
      "98": 0,
      "99": 10,
      "100": 10,
      "101": 10,
      "102": 10,
      "103": 10,
      "104": 10,
      "105": 10,
      "106": 10,
      "107": 3,
      "108": 3,
      "109": 3,
      "110": 3,
      "111": 7,
      "112": 10,
      "113": 10,
      "114": 10,
      "115": 10,
      "116": 10,
      "117": 0,
      "118": 0,
      "119": 0,
      "120": 0,
      "121": 10,
      "122": 10,
      "123": 10,
      "124": 10,
      "125": 10,
      "126": 10,
      "127": 10,
      "128": 10,
      "129": 10,
      "130": 2,
      "131": 2,
      "132": 2,
      "133": 10,
      "134": 10,
      "135": 10,
      "136": 10,
      "137": 10,
      "138": 10,
      "139": 10,
      "140": 10,
      "141": 10,
      "142": 1,
      "143": 1
    },
    "branchMap": {
      "0": {
        "type": "branch",
        "line": 11,
        "loc": {
          "start": { "line": 11, "column": 23 },
          "end": { "line": 142, "column": 2 }
        },
        "locations": [
          {
            "start": { "line": 11, "column": 23 },
            "end": { "line": 142, "column": 2 }
          }
        ]
      },
      "1": {
        "type": "branch",
        "line": 96,
        "loc": {
          "start": { "line": 96, "column": 15 },
          "end": { "line": 99, "column": 3 }
        },
        "locations": [
          {
            "start": { "line": 96, "column": 15 },
            "end": { "line": 99, "column": 3 }
          }
        ]
      },
      "2": {
        "type": "branch",
        "line": 107,
        "loc": {
          "start": { "line": 107, "column": 12 },
          "end": { "line": 111, "column": 17 }
        },
        "locations": [
          {
            "start": { "line": 107, "column": 12 },
            "end": { "line": 111, "column": 17 }
          }
        ]
      },
      "3": {
        "type": "branch",
        "line": 111,
        "loc": {
          "start": { "line": 111, "column": 16 },
          "end": { "line": 112, "column": 20 }
        },
        "locations": [
          {
            "start": { "line": 111, "column": 16 },
            "end": { "line": 112, "column": 20 }
          }
        ]
      },
      "4": {
        "type": "branch",
        "line": 117,
        "loc": {
          "start": { "line": 117, "column": 9 },
          "end": { "line": 117, "column": 38 }
        },
        "locations": [
          {
            "start": { "line": 117, "column": 9 },
            "end": { "line": 117, "column": 38 }
          }
        ]
      },
      "5": {
        "type": "branch",
        "line": 117,
        "loc": {
          "start": { "line": 117, "column": 26 },
          "end": { "line": 121, "column": 12 }
        },
        "locations": [
          {
            "start": { "line": 117, "column": 26 },
            "end": { "line": 121, "column": 12 }
          }
        ]
      },
      "6": {
        "type": "branch",
        "line": 129,
        "loc": {
          "start": { "line": 129, "column": 7 },
          "end": { "line": 129, "column": 30 }
        },
        "locations": [
          {
            "start": { "line": 129, "column": 7 },
            "end": { "line": 129, "column": 30 }
          }
        ]
      },
      "7": {
        "type": "branch",
        "line": 130,
        "loc": {
          "start": { "line": 130, "column": 7 },
          "end": { "line": 133, "column": 14 }
        },
        "locations": [
          {
            "start": { "line": 130, "column": 7 },
            "end": { "line": 133, "column": 14 }
          }
        ]
      },
      "8": {
        "type": "branch",
        "line": 24,
        "loc": {
          "start": { "line": 24, "column": 20 },
          "end": { "line": 53, "column": 4 }
        },
        "locations": [
          {
            "start": { "line": 24, "column": 20 },
            "end": { "line": 53, "column": 4 }
          }
        ]
      },
      "9": {
        "type": "branch",
        "line": 29,
        "loc": {
          "start": { "line": 29, "column": 23 },
          "end": { "line": 29, "column": 39 }
        },
        "locations": [
          {
            "start": { "line": 29, "column": 23 },
            "end": { "line": 29, "column": 39 }
          }
        ]
      },
      "10": {
        "type": "branch",
        "line": 29,
        "loc": {
          "start": { "line": 29, "column": 31 },
          "end": { "line": 29, "column": 43 }
        },
        "locations": [
          {
            "start": { "line": 29, "column": 31 },
            "end": { "line": 29, "column": 43 }
          }
        ]
      },
      "11": {
        "type": "branch",
        "line": 32,
        "loc": {
          "start": { "line": 32, "column": 23 },
          "end": { "line": 33, "column": 43 }
        },
        "locations": [
          {
            "start": { "line": 32, "column": 23 },
            "end": { "line": 33, "column": 43 }
          }
        ]
      },
      "12": {
        "type": "branch",
        "line": 33,
        "loc": {
          "start": { "line": 33, "column": 42 },
          "end": { "line": 34, "column": 37 }
        },
        "locations": [
          {
            "start": { "line": 33, "column": 42 },
            "end": { "line": 34, "column": 37 }
          }
        ]
      },
      "13": {
        "type": "branch",
        "line": 34,
        "loc": {
          "start": { "line": 34, "column": 35 },
          "end": { "line": 40, "column": 33 }
        },
        "locations": [
          {
            "start": { "line": 34, "column": 35 },
            "end": { "line": 40, "column": 33 }
          }
        ]
      },
      "14": {
        "type": "branch",
        "line": 34,
        "loc": {
          "start": { "line": 34, "column": 35 },
          "end": { "line": 36, "column": 21 }
        },
        "locations": [
          {
            "start": { "line": 34, "column": 35 },
            "end": { "line": 36, "column": 21 }
          }
        ]
      },
      "15": {
        "type": "branch",
        "line": 36,
        "loc": {
          "start": { "line": 36, "column": 21 },
          "end": { "line": 38, "column": 7 }
        },
        "locations": [
          {
            "start": { "line": 36, "column": 21 },
            "end": { "line": 38, "column": 7 }
          }
        ]
      },
      "16": {
        "type": "branch",
        "line": 38,
        "loc": {
          "start": { "line": 38, "column": 6 },
          "end": { "line": 40, "column": 22 }
        },
        "locations": [
          {
            "start": { "line": 38, "column": 6 },
            "end": { "line": 40, "column": 22 }
          }
        ]
      },
      "17": {
        "type": "branch",
        "line": 40,
        "loc": {
          "start": { "line": 40, "column": 14 },
          "end": { "line": 40, "column": 33 }
        },
        "locations": [
          {
            "start": { "line": 40, "column": 14 },
            "end": { "line": 40, "column": 33 }
          }
        ]
      },
      "18": {
        "type": "branch",
        "line": 40,
        "loc": {
          "start": { "line": 40, "column": 22 },
          "end": { "line": 40, "column": 49 }
        },
        "locations": [
          {
            "start": { "line": 40, "column": 22 },
            "end": { "line": 40, "column": 49 }
          }
        ]
      },
      "19": {
        "type": "branch",
        "line": 41,
        "loc": {
          "start": { "line": 41, "column": 19 },
          "end": { "line": 41, "column": 44 }
        },
        "locations": [
          {
            "start": { "line": 41, "column": 19 },
            "end": { "line": 41, "column": 44 }
          }
        ]
      },
      "20": {
        "type": "branch",
        "line": 41,
        "loc": {
          "start": { "line": 41, "column": 36 },
          "end": { "line": 41, "column": 59 }
        },
        "locations": [
          {
            "start": { "line": 41, "column": 36 },
            "end": { "line": 41, "column": 59 }
          }
        ]
      },
      "21": {
        "type": "branch",
        "line": 42,
        "loc": {
          "start": { "line": 42, "column": 21 },
          "end": { "line": 42, "column": 33 }
        },
        "locations": [
          {
            "start": { "line": 42, "column": 21 },
            "end": { "line": 42, "column": 33 }
          }
        ]
      },
      "22": {
        "type": "branch",
        "line": 42,
        "loc": {
          "start": { "line": 42, "column": 29 },
          "end": { "line": 42, "column": 37 }
        },
        "locations": [
          {
            "start": { "line": 42, "column": 29 },
            "end": { "line": 42, "column": 37 }
          }
        ]
      },
      "23": {
        "type": "branch",
        "line": 44,
        "loc": {
          "start": { "line": 44, "column": 4 },
          "end": { "line": 52, "column": 5 }
        },
        "locations": [
          {
            "start": { "line": 44, "column": 4 },
            "end": { "line": 52, "column": 5 }
          }
        ]
      },
      "24": {
        "type": "branch",
        "line": 48,
        "loc": {
          "start": { "line": 48, "column": 6 },
          "end": { "line": 51, "column": 7 }
        },
        "locations": [
          {
            "start": { "line": 48, "column": 6 },
            "end": { "line": 51, "column": 7 }
          }
        ]
      },
      "25": {
        "type": "branch",
        "line": 55,
        "loc": {
          "start": { "line": 55, "column": 23 },
          "end": { "line": 59, "column": 4 }
        },
        "locations": [
          {
            "start": { "line": 55, "column": 23 },
            "end": { "line": 59, "column": 4 }
          }
        ]
      },
      "26": {
        "type": "branch",
        "line": 87,
        "loc": {
          "start": { "line": 87, "column": 12 },
          "end": { "line": 94, "column": 5 }
        },
        "locations": [
          {
            "start": { "line": 87, "column": 12 },
            "end": { "line": 94, "column": 5 }
          }
        ]
      },
      "27": {
        "type": "branch",
        "line": 90,
        "loc": {
          "start": { "line": 90, "column": 39 },
          "end": { "line": 91, "column": 57 }
        },
        "locations": [
          {
            "start": { "line": 90, "column": 39 },
            "end": { "line": 91, "column": 57 }
          }
        ]
      }
    },
    "b": {
      "0": [10],
      "1": [0],
      "2": [3],
      "3": [7],
      "4": [0],
      "5": [0],
      "6": [4],
      "7": [2],
      "8": [4],
      "9": [3],
      "10": [1],
      "11": [1],
      "12": [3],
      "13": [3],
      "14": [2],
      "15": [1],
      "16": [2],
      "17": [1],
      "18": [1],
      "19": [1],
      "20": [1],
      "21": [1],
      "22": [1],
      "23": [1],
      "24": [0],
      "25": [1],
      "26": [3],
      "27": [0]
    },
    "fnMap": {
      "0": {
        "name": "Main",
        "decl": {
          "start": { "line": 11, "column": 23 },
          "end": { "line": 142, "column": 2 }
        },
        "loc": {
          "start": { "line": 11, "column": 23 },
          "end": { "line": 142, "column": 2 }
        },
        "line": 11
      },
      "1": {
        "name": "fetchData",
        "decl": {
          "start": { "line": 24, "column": 20 },
          "end": { "line": 53, "column": 4 }
        },
        "loc": {
          "start": { "line": 24, "column": 20 },
          "end": { "line": 53, "column": 4 }
        },
        "line": 24
      },
      "2": {
        "name": "handleSearch",
        "decl": {
          "start": { "line": 55, "column": 23 },
          "end": { "line": 59, "column": 4 }
        },
        "loc": {
          "start": { "line": 55, "column": 23 },
          "end": { "line": 59, "column": 4 }
        },
        "line": 55
      },
      "3": {
        "name": "handleCard",
        "decl": {
          "start": { "line": 61, "column": 21 },
          "end": { "line": 65, "column": 4 }
        },
        "loc": {
          "start": { "line": 61, "column": 21 },
          "end": { "line": 65, "column": 4 }
        },
        "line": 61
      },
      "4": {
        "name": "handleCloseDetailedCard",
        "decl": {
          "start": { "line": 67, "column": 34 },
          "end": { "line": 69, "column": 4 }
        },
        "loc": {
          "start": { "line": 67, "column": 34 },
          "end": { "line": 69, "column": 4 }
        },
        "line": 67
      },
      "5": {
        "name": "handleSetPage",
        "decl": {
          "start": { "line": 71, "column": 24 },
          "end": { "line": 81, "column": 4 }
        },
        "loc": {
          "start": { "line": 71, "column": 24 },
          "end": { "line": 81, "column": 4 }
        },
        "line": 71
      },
      "6": {
        "name": "handleErrorButtonClick",
        "decl": {
          "start": { "line": 83, "column": 33 },
          "end": { "line": 85, "column": 4 }
        },
        "loc": {
          "start": { "line": 83, "column": 33 },
          "end": { "line": 85, "column": 4 }
        },
        "line": 83
      },
      "7": {
        "name": "onClick",
        "decl": {
          "start": { "line": 136, "column": 46 },
          "end": { "line": 136, "column": 70 }
        },
        "loc": {
          "start": { "line": 136, "column": 46 },
          "end": { "line": 136, "column": 70 }
        },
        "line": 136
      }
    },
    "f": { "0": 10, "1": 4, "2": 1, "3": 0, "4": 0, "5": 0, "6": 0, "7": 0 }
  },
  "C:\\Users\\Асель\\OneDrive\\Desktop\\RSS-REACT-2024\\class-components-2024\\src\\app\\page\\Page404.tsx": {
    "path": "C:\\Users\\Асель\\OneDrive\\Desktop\\RSS-REACT-2024\\class-components-2024\\src\\app\\page\\Page404.tsx",
    "all": false,
    "statementMap": {
      "0": {
        "start": { "line": 1, "column": 0 },
        "end": { "line": 1, "column": 26 }
      },
      "1": {
        "start": { "line": 2, "column": 0 },
        "end": { "line": 2, "column": 43 }
      },
      "2": {
        "start": { "line": 3, "column": 0 },
        "end": { "line": 3, "column": 31 }
      },
      "3": {
        "start": { "line": 4, "column": 0 },
        "end": { "line": 4, "column": 0 }
      },
      "4": {
        "start": { "line": 5, "column": 0 },
        "end": { "line": 5, "column": 33 }
      },
      "5": {
        "start": { "line": 6, "column": 0 },
        "end": { "line": 6, "column": 10 }
      },
      "6": {
        "start": { "line": 7, "column": 0 },
        "end": { "line": 7, "column": 13 }
      },
      "7": {
        "start": { "line": 8, "column": 0 },
        "end": { "line": 8, "column": 33 }
      },
      "8": {
        "start": { "line": 9, "column": 0 },
        "end": { "line": 9, "column": 59 }
      },
      "9": {
        "start": { "line": 10, "column": 0 },
        "end": { "line": 10, "column": 0 }
      },
      "10": {
        "start": { "line": 11, "column": 0 },
        "end": { "line": 11, "column": 48 }
      },
      "11": {
        "start": { "line": 12, "column": 0 },
        "end": { "line": 12, "column": 19 }
      },
      "12": {
        "start": { "line": 13, "column": 0 },
        "end": { "line": 13, "column": 18 }
      },
      "13": {
        "start": { "line": 14, "column": 0 },
        "end": { "line": 14, "column": 12 }
      },
      "14": {
        "start": { "line": 15, "column": 0 },
        "end": { "line": 15, "column": 14 }
      },
      "15": {
        "start": { "line": 16, "column": 0 },
        "end": { "line": 16, "column": 4 }
      },
      "16": {
        "start": { "line": 17, "column": 0 },
        "end": { "line": 17, "column": 2 }
      },
      "17": {
        "start": { "line": 18, "column": 0 },
        "end": { "line": 18, "column": 0 }
      },
      "18": {
        "start": { "line": 19, "column": 0 },
        "end": { "line": 19, "column": 23 }
      }
    },
    "s": {
      "0": 1,
      "1": 1,
      "2": 1,
      "3": 1,
      "4": 1,
      "5": 1,
      "6": 1,
      "7": 1,
      "8": 1,
      "9": 1,
      "10": 1,
      "11": 1,
      "12": 1,
      "13": 1,
      "14": 1,
      "15": 1,
      "16": 1,
      "17": 1,
      "18": 1
    },
    "branchMap": {
      "0": {
        "type": "branch",
        "line": 5,
        "loc": {
          "start": { "line": 5, "column": 26 },
          "end": { "line": 17, "column": 2 }
        },
        "locations": [
          {
            "start": { "line": 5, "column": 26 },
            "end": { "line": 17, "column": 2 }
          }
        ]
      }
    },
    "b": { "0": [1] },
    "fnMap": {
      "0": {
        "name": "Page404",
        "decl": {
          "start": { "line": 5, "column": 26 },
          "end": { "line": 17, "column": 2 }
        },
        "loc": {
          "start": { "line": 5, "column": 26 },
          "end": { "line": 17, "column": 2 }
        },
        "line": 5
      }
    },
    "f": { "0": 1 }
  }
}
